09:04:56.621 [TestNG-test-Login-2] DEBUG org.apache.poi.openxml4j.opc.PackageRelationshipCollection - Parsing relationship: /_rels/.rels
09:04:56.621 [TestNG-test-Login-1] DEBUG org.apache.poi.openxml4j.opc.PackageRelationshipCollection - Parsing relationship: /_rels/.rels
09:04:56.632 [TestNG-test-Login-2] DEBUG org.apache.poi.openxml4j.opc.PackageRelationshipCollection - Parsing relationship: /xl/_rels/workbook.xml.rels
09:04:56.633 [TestNG-test-Login-2] DEBUG org.apache.poi.openxml4j.opc.PackageRelationshipCollection - Parsing relationship: /_rels/.rels
09:04:56.641 [TestNG-test-Login-1] DEBUG org.apache.poi.openxml4j.opc.PackageRelationshipCollection - Parsing relationship: /xl/_rels/workbook.xml.rels
09:04:56.642 [TestNG-test-Login-1] DEBUG org.apache.poi.openxml4j.opc.PackageRelationshipCollection - Parsing relationship: /_rels/.rels
09:04:56.642 [TestNG-test-Login-2] DEBUG org.apache.poi.openxml4j.opc.PackageRelationshipCollection - Parsing relationship: /xl/_rels/workbook.xml.rels
09:04:56.643 [TestNG-test-Login-2] DEBUG org.apache.poi.openxml4j.opc.PackageRelationshipCollection - Parsing relationship: /_rels/.rels
09:04:56.651 [TestNG-test-Login-2] DEBUG org.apache.poi.openxml4j.opc.PackageRelationshipCollection - Parsing relationship: /xl/_rels/workbook.xml.rels
09:04:56.651 [TestNG-test-Login-2] DEBUG org.apache.poi.openxml4j.opc.PackageRelationshipCollection - Parsing relationship: /_rels/.rels
09:04:56.658 [TestNG-test-Login-1] DEBUG org.apache.poi.openxml4j.opc.PackageRelationshipCollection - Parsing relationship: /xl/_rels/workbook.xml.rels
09:04:56.659 [TestNG-test-Login-1] DEBUG org.apache.poi.openxml4j.opc.PackageRelationshipCollection - Parsing relationship: /_rels/.rels
09:04:56.659 [TestNG-test-Login-2] DEBUG org.apache.poi.openxml4j.opc.PackageRelationshipCollection - Parsing relationship: /xl/_rels/workbook.xml.rels
09:04:56.659 [TestNG-test-Login-2] DEBUG org.apache.poi.openxml4j.opc.PackageRelationshipCollection - Parsing relationship: /_rels/.rels
09:04:56.671 [TestNG-test-Login-2] DEBUG org.apache.poi.openxml4j.opc.PackageRelationshipCollection - Parsing relationship: /xl/_rels/workbook.xml.rels
09:04:56.672 [TestNG-test-Login-2] DEBUG org.apache.poi.openxml4j.opc.PackageRelationshipCollection - Parsing relationship: /_rels/.rels
09:04:56.679 [TestNG-test-Login-1] DEBUG org.apache.poi.openxml4j.opc.PackageRelationshipCollection - Parsing relationship: /xl/_rels/workbook.xml.rels
09:04:56.680 [TestNG-test-Login-1] DEBUG org.apache.poi.openxml4j.opc.PackageRelationshipCollection - Parsing relationship: /_rels/.rels
09:04:56.680 [TestNG-test-Login-2] DEBUG org.apache.poi.openxml4j.opc.PackageRelationshipCollection - Parsing relationship: /xl/_rels/workbook.xml.rels
09:04:56.681 [TestNG-test-Login-2] DEBUG org.apache.poi.openxml4j.opc.PackageRelationshipCollection - Parsing relationship: /_rels/.rels
09:04:56.689 [TestNG-test-Login-2] DEBUG org.apache.poi.openxml4j.opc.PackageRelationshipCollection - Parsing relationship: /xl/_rels/workbook.xml.rels
09:04:56.689 [TestNG-test-Login-2] DEBUG org.apache.poi.openxml4j.opc.PackageRelationshipCollection - Parsing relationship: /_rels/.rels
09:04:56.695 [TestNG-test-Login-1] DEBUG org.apache.poi.openxml4j.opc.PackageRelationshipCollection - Parsing relationship: /xl/_rels/workbook.xml.rels
09:04:56.696 [TestNG-test-Login-2] DEBUG org.apache.poi.openxml4j.opc.PackageRelationshipCollection - Parsing relationship: /xl/_rels/workbook.xml.rels
09:04:56.696 [TestNG-test-Login-1] DEBUG org.apache.poi.openxml4j.opc.PackageRelationshipCollection - Parsing relationship: /_rels/.rels
09:04:56.696 [TestNG-test-Login-2] DEBUG org.apache.poi.openxml4j.opc.PackageRelationshipCollection - Parsing relationship: /_rels/.rels
09:04:56.712 [TestNG-test-Login-1] DEBUG org.apache.poi.openxml4j.opc.PackageRelationshipCollection - Parsing relationship: /xl/_rels/workbook.xml.rels
09:04:56.713 [TestNG-test-Login-1] DEBUG org.apache.poi.openxml4j.opc.PackageRelationshipCollection - Parsing relationship: /_rels/.rels
09:04:56.730 [TestNG-test-Login-1] DEBUG org.apache.poi.openxml4j.opc.PackageRelationshipCollection - Parsing relationship: /xl/_rels/workbook.xml.rels
09:04:56.731 [TestNG-test-Login-1] DEBUG org.apache.poi.openxml4j.opc.PackageRelationshipCollection - Parsing relationship: /_rels/.rels
09:04:56.748 [TestNG-test-Login-1] DEBUG org.apache.poi.openxml4j.opc.PackageRelationshipCollection - Parsing relationship: /xl/_rels/workbook.xml.rels
09:04:56.749 [TestNG-test-Login-1] DEBUG org.apache.poi.openxml4j.opc.PackageRelationshipCollection - Parsing relationship: /_rels/.rels
09:04:56.767 [TestNG-test-Login-1] DEBUG org.apache.poi.openxml4j.opc.PackageRelationshipCollection - Parsing relationship: /xl/_rels/workbook.xml.rels
09:04:56.768 [TestNG-test-Login-1] DEBUG org.apache.poi.openxml4j.opc.PackageRelationshipCollection - Parsing relationship: /_rels/.rels
09:04:56.788 [TestNG-test-Login-1] DEBUG org.apache.poi.openxml4j.opc.PackageRelationshipCollection - Parsing relationship: /xl/_rels/workbook.xml.rels
09:04:56.788 [TestNG-test-Login-1] DEBUG org.apache.poi.openxml4j.opc.PackageRelationshipCollection - Parsing relationship: /_rels/.rels
09:04:58.236 [TestNG-test-Login-1] INFO  testCases.TC_003_LoginDDT -  Starting TC_003_LoginDDT 
09:04:58.289 [TestNG-test-Login-2] INFO  testCases.TC_ContactUs -  Starting Tc_contactus 
09:04:58.522 [TestNG-test-Login-1] INFO  testCases.TC_003_LoginDDT - Home Page Displayed 
09:04:58.596 [TestNG-test-Login-2] INFO  testCases.TC_ContactUs - Home Page Displayed 
09:04:58.689 [TestNG-test-Login-1] INFO  testCases.TC_003_LoginDDT - Clicked on My Account 
09:04:58.936 [TestNG-test-Login-2] INFO  testCases.TC_ContactUs - Clicked on ContactUs
09:04:59.001 [TestNG-test-Login-1] INFO  testCases.TC_003_LoginDDT - Clicked on Login 
09:04:59.040 [TestNG-test-Login-2] INFO  testCases.TC_ContactUs - Provided Name 
09:04:59.154 [TestNG-test-Login-1] INFO  testCases.TC_003_LoginDDT - Provided Email 
09:04:59.164 [TestNG-test-Login-2] INFO  testCases.TC_ContactUs - Provided Email 
09:04:59.265 [TestNG-test-Login-1] INFO  testCases.TC_003_LoginDDT - Provided Password 
09:04:59.301 [TestNG-test-Login-2] INFO  testCases.TC_ContactUs - Enter quert text
09:04:59.354 [TestNG-test-Login-1] INFO  testCases.TC_003_LoginDDT - Clicked on Login
09:04:59.835 [TestNG-test-Login-2] ERROR testCases.TC_ContactUs - Query sent sucessfully to admin !!
09:04:59.836 [TestNG-test-Login-2] INFO  testCases.TC_ContactUs -  TC_ContactUs Finished  
09:05:01.170 [TestNG-test-Login-2] INFO  testCases.TC_ContactUs -  Starting Tc_contactus 
09:05:01.436 [TestNG-test-Login-2] INFO  testCases.TC_ContactUs - Home Page Displayed 
09:05:02.106 [TestNG-test-Login-2] INFO  testCases.TC_ContactUs - Clicked on ContactUs
09:05:02.205 [TestNG-test-Login-2] INFO  testCases.TC_ContactUs - Provided Name 
09:05:02.321 [TestNG-test-Login-2] INFO  testCases.TC_ContactUs - Provided Email 
09:05:02.424 [TestNG-test-Login-2] INFO  testCases.TC_ContactUs - Enter quert text
09:05:04.808 [TestNG-test-Login-2] ERROR testCases.TC_ContactUs - Query sent sucessfully to admin !!
09:05:04.809 [TestNG-test-Login-2] INFO  testCases.TC_ContactUs -  TC_ContactUs Finished  
09:05:09.391 [TestNG-test-Login-1] ERROR testCases.TC_003_LoginDDT - Login Failed 
09:05:16.747 [TestNG-test-Login-1] INFO  testCases.TC_003_LoginDDT -  Starting TC_003_LoginDDT 
09:05:16.899 [TestNG-test-Login-2] INFO  testCases.TC_ContactUs -  Starting Tc_contactus 
09:05:16.970 [TestNG-test-Login-1] INFO  testCases.TC_003_LoginDDT - Home Page Displayed 
09:05:17.047 [TestNG-test-Login-1] INFO  testCases.TC_003_LoginDDT - Clicked on My Account 
09:05:17.133 [TestNG-test-Login-2] INFO  testCases.TC_ContactUs - Home Page Displayed 
09:05:17.315 [TestNG-test-Login-1] INFO  testCases.TC_003_LoginDDT - Clicked on Login 
09:05:17.399 [TestNG-test-Login-1] INFO  testCases.TC_003_LoginDDT - Provided Email 
09:05:17.485 [TestNG-test-Login-1] INFO  testCases.TC_003_LoginDDT - Provided Password 
09:05:17.500 [TestNG-test-Login-2] INFO  testCases.TC_ContactUs - Clicked on ContactUs
09:05:17.586 [TestNG-test-Login-1] INFO  testCases.TC_003_LoginDDT - Clicked on Login
09:05:17.597 [TestNG-test-Login-2] INFO  testCases.TC_ContactUs - Provided Name 
09:05:17.695 [TestNG-test-Login-2] INFO  testCases.TC_ContactUs - Provided Email 
09:05:17.813 [TestNG-test-Login-2] INFO  testCases.TC_ContactUs - Enter quert text
09:05:18.378 [TestNG-test-Login-2] ERROR testCases.TC_ContactUs - Query sent sucessfully to admin !!
09:05:18.379 [TestNG-test-Login-2] INFO  testCases.TC_ContactUs -  TC_ContactUs Finished  
09:05:19.735 [TestNG-test-Login-2] INFO  testCases.TC_ContactUs -  Starting Tc_contactus 
09:05:19.974 [TestNG-test-Login-2] INFO  testCases.TC_ContactUs - Home Page Displayed 
09:05:20.282 [TestNG-test-Login-2] INFO  testCases.TC_ContactUs - Clicked on ContactUs
09:05:20.358 [TestNG-test-Login-2] INFO  testCases.TC_ContactUs - Provided Name 
09:05:20.439 [TestNG-test-Login-2] INFO  testCases.TC_ContactUs - Provided Email 
09:05:20.547 [TestNG-test-Login-2] INFO  testCases.TC_ContactUs - Enter quert text
09:05:20.972 [TestNG-test-Login-2] ERROR testCases.TC_ContactUs - Query sent sucessfully to admin !!
09:05:20.972 [TestNG-test-Login-2] INFO  testCases.TC_ContactUs -  TC_ContactUs Finished  
09:05:28.143 [TestNG-test-Login-1] ERROR testCases.TC_003_LoginDDT - Login Failed 
09:05:28.144 [TestNG-test-Login-1] INFO  testCases.TC_003_LoginDDT -  Finished TC_003_LoginDDT 
09:05:29.600 [TestNG-test-Login-1] INFO  testCases.TC_003_LoginDDT -  Starting TC_003_LoginDDT 
09:05:29.832 [TestNG-test-Login-1] INFO  testCases.TC_003_LoginDDT - Home Page Displayed 
09:05:29.939 [TestNG-test-Login-1] INFO  testCases.TC_003_LoginDDT - Clicked on My Account 
09:05:30.284 [TestNG-test-Login-1] INFO  testCases.TC_003_LoginDDT - Clicked on Login 
09:05:30.369 [TestNG-test-Login-1] INFO  testCases.TC_003_LoginDDT - Provided Email 
09:05:30.448 [TestNG-test-Login-1] INFO  testCases.TC_003_LoginDDT - Provided Password 
09:05:30.590 [TestNG-test-Login-1] INFO  testCases.TC_003_LoginDDT - Clicked on Login
09:05:41.303 [TestNG-test-Login-1] ERROR testCases.TC_003_LoginDDT - Login Failed 
09:05:41.303 [TestNG-test-Login-1] INFO  testCases.TC_003_LoginDDT -  Finished TC_003_LoginDDT 
09:05:42.731 [TestNG-test-Login-1] INFO  testCases.TC_003_LoginDDT -  Starting TC_003_LoginDDT 
09:05:42.978 [TestNG-test-Login-1] INFO  testCases.TC_003_LoginDDT - Home Page Displayed 
09:05:43.080 [TestNG-test-Login-1] INFO  testCases.TC_003_LoginDDT - Clicked on My Account 
09:05:43.345 [TestNG-test-Login-1] INFO  testCases.TC_003_LoginDDT - Clicked on Login 
09:05:43.469 [TestNG-test-Login-1] INFO  testCases.TC_003_LoginDDT - Provided Email 
09:05:43.590 [TestNG-test-Login-1] INFO  testCases.TC_003_LoginDDT - Provided Password 
09:05:44.055 [TestNG-test-Login-1] INFO  testCases.TC_003_LoginDDT - Clicked on Login
09:05:54.102 [TestNG-test-Login-1] ERROR testCases.TC_003_LoginDDT - Login Failed 
09:05:54.102 [TestNG-test-Login-1] INFO  testCases.TC_003_LoginDDT -  Finished TC_003_LoginDDT 
09:06:52.493 [main] DEBUG org.apache.poi.openxml4j.opc.PackageRelationshipCollection - Parsing relationship: /xl/_rels/workbook.xml.rels
09:06:52.495 [main] DEBUG org.apache.poi.openxml4j.opc.PackageRelationshipCollection - Parsing relationship: /_rels/.rels
09:06:52.562 [main] TRACE org.apache.xmlbeans.impl.common.XBeanDebug - Loading type system org.apache.poi.schemas.ooxml.system.ooxml
09:06:52.564 [main] TRACE org.apache.xmlbeans.impl.common.XBeanDebug - Loading type system org.apache.xmlbeans.metadata.system.sXMLCONFIG
09:06:52.566 [main] TRACE org.apache.xmlbeans.impl.common.XBeanDebug - Loading type system org.apache.xmlbeans.metadata.system.sXMLLANG
09:06:52.566 [main] TRACE org.apache.xmlbeans.impl.common.XBeanDebug - Loading type system org.apache.xmlbeans.metadata.system.sXMLSCHEMA
09:06:52.566 [main] TRACE org.apache.xmlbeans.impl.common.XBeanDebug - Loading type system org.apache.xmlbeans.metadata.system.sXMLTOOLS
09:06:52.567 [main] TRACE org.apache.xmlbeans.impl.common.XBeanDebug - Reading unresolved handles for type system org.apache.xmlbeans.metadata.system.sXMLTOOLS
09:06:52.574 [main] TRACE org.apache.xmlbeans.impl.common.XBeanDebug - Finished loading type system org.apache.xmlbeans.metadata.system.sXMLTOOLS
09:06:52.574 [main] TRACE org.apache.xmlbeans.impl.common.XBeanDebug - Reading unresolved handles for type system org.apache.xmlbeans.metadata.system.sXMLSCHEMA
09:06:52.577 [main] TRACE org.apache.xmlbeans.impl.common.XBeanDebug - Finished loading type system org.apache.xmlbeans.metadata.system.sXMLSCHEMA
09:06:52.577 [main] TRACE org.apache.xmlbeans.impl.common.XBeanDebug - Reading unresolved handles for type system org.apache.xmlbeans.metadata.system.sXMLLANG
09:06:52.577 [main] TRACE org.apache.xmlbeans.impl.common.XBeanDebug - Finished loading type system org.apache.xmlbeans.metadata.system.sXMLLANG
09:06:52.577 [main] TRACE org.apache.xmlbeans.impl.common.XBeanDebug - Reading unresolved handles for type system org.apache.xmlbeans.metadata.system.sXMLCONFIG
09:06:52.578 [main] TRACE org.apache.xmlbeans.impl.common.XBeanDebug - Finished loading type system org.apache.xmlbeans.metadata.system.sXMLCONFIG
09:06:52.578 [main] TRACE org.apache.xmlbeans.impl.common.XBeanDebug - Reading unresolved handles for type system org.apache.poi.schemas.ooxml.system.ooxml
09:06:52.622 [main] TRACE org.apache.xmlbeans.impl.common.XBeanDebug - Finished loading type system org.apache.poi.schemas.ooxml.system.ooxml
09:06:52.623 [main] TRACE org.apache.xmlbeans.impl.common.XBeanDebug - Resolving type for handle themefd26doctype
09:06:52.646 [main] TRACE org.apache.xmlbeans.impl.common.XBeanDebug - Resolving type for handle stylesheet5d8bdoctype
09:06:52.652 [main] TRACE org.apache.xmlbeans.impl.common.XBeanDebug - Resolving type for handle ctstylesheet4257type
09:06:52.654 [main] TRACE org.apache.xmlbeans.impl.common.XBeanDebug - Resolving type for handle ctnumfmtsb58btype
09:06:52.656 [main] TRACE org.apache.xmlbeans.impl.common.XBeanDebug - Resolving type for handle ctnumfmt3870type
09:06:52.657 [main] TRACE org.apache.xmlbeans.impl.common.XBeanDebug - Resolving type for handle stnumfmtid76fbtype
09:06:52.659 [main] TRACE org.apache.xmlbeans.impl.common.XBeanDebug - Resolving type for handle stxstringf179type
09:06:52.660 [main] TRACE org.apache.xmlbeans.impl.common.XBeanDebug - Resolving type for handle ctfonts6623type
09:06:52.661 [main] TRACE org.apache.xmlbeans.impl.common.XBeanDebug - Resolving type for handle ctfont14d8type
09:06:52.663 [main] TRACE org.apache.xmlbeans.impl.common.XBeanDebug - Resolving type for handle ctfills2c6ftype
09:06:52.663 [main] TRACE org.apache.xmlbeans.impl.common.XBeanDebug - Resolving type for handle ctfill550ctype
09:06:52.664 [main] TRACE org.apache.xmlbeans.impl.common.XBeanDebug - Resolving type for handle ctborders0d66type
09:06:52.665 [main] TRACE org.apache.xmlbeans.impl.common.XBeanDebug - Resolving type for handle ctborderf935type
09:06:52.666 [main] TRACE org.apache.xmlbeans.impl.common.XBeanDebug - Resolving type for handle ctcellxfs1322type
09:06:52.667 [main] TRACE org.apache.xmlbeans.impl.common.XBeanDebug - Resolving type for handle ctxf97f7type
09:06:52.669 [main] TRACE org.apache.xmlbeans.impl.common.XBeanDebug - Resolving type for handle ctcellstylexfsa81ftype
09:06:52.670 [main] TRACE org.apache.xmlbeans.impl.common.XBeanDebug - Resolving type for handle sstf81fdoctype
09:06:52.673 [main] TRACE org.apache.xmlbeans.impl.common.XBeanDebug - Resolving type for handle ctsst44f3type
09:06:52.677 [main] TRACE org.apache.xmlbeans.impl.common.XBeanDebug - Resolving type for handle ctrsta472type
09:06:52.694 [main] TRACE org.apache.xmlbeans.impl.common.XBeanDebug - Resolving type for handle workbookec17doctype
09:06:52.698 [main] TRACE org.apache.xmlbeans.impl.common.XBeanDebug - Resolving type for handle ctworkbook83c3type
09:06:52.703 [main] TRACE org.apache.xmlbeans.impl.common.XBeanDebug - Resolving type for handle ctsheets49fdtype
09:06:52.704 [main] TRACE org.apache.xmlbeans.impl.common.XBeanDebug - Resolving type for handle ctsheet4dbetype
09:06:52.706 [main] TRACE org.apache.xmlbeans.impl.common.XBeanDebug - Resolving type for handle strelationshipid1e94type
09:06:52.707 [main] TRACE org.apache.xmlbeans.impl.common.XBeanDebug - Resolving type for handle worksheetf539doctype
09:06:52.714 [main] TRACE org.apache.xmlbeans.impl.common.XBeanDebug - Resolving type for handle ctworksheet530dtype
09:06:52.720 [main] TRACE org.apache.xmlbeans.impl.common.XBeanDebug - Resolving type for handle ctcols627ctype
09:06:52.724 [main] TRACE org.apache.xmlbeans.impl.common.XBeanDebug - Resolving type for handle ctcola95ftype
09:06:52.733 [main] TRACE org.apache.xmlbeans.impl.common.XBeanDebug - Resolving type for handle ctsheetdata8408type
09:06:52.734 [main] TRACE org.apache.xmlbeans.impl.common.XBeanDebug - Resolving type for handle ctrowdd39type
09:06:52.736 [main] TRACE org.apache.xmlbeans.impl.common.XBeanDebug - Resolving type for handle ctcell842btype
09:06:52.739 [main] TRACE org.apache.xmlbeans.impl.common.XBeanDebug - Resolving type for handle stcellrefe4e0type
09:06:52.746 [main] TRACE org.apache.xmlbeans.impl.common.XBeanDebug - Resolving type for handle stcelltypebf95type
09:06:52.752 [main] DEBUG org.apache.poi.openxml4j.opc.PackageRelationshipCollection - Parsing relationship: /xl/_rels/workbook.xml.rels
09:06:52.753 [main] DEBUG org.apache.poi.openxml4j.opc.PackageRelationshipCollection - Parsing relationship: /_rels/.rels
09:06:52.772 [main] DEBUG org.apache.poi.openxml4j.opc.PackageRelationshipCollection - Parsing relationship: /xl/_rels/workbook.xml.rels
09:06:52.772 [main] DEBUG org.apache.poi.openxml4j.opc.PackageRelationshipCollection - Parsing relationship: /_rels/.rels
09:06:52.788 [main] DEBUG org.apache.poi.openxml4j.opc.PackageRelationshipCollection - Parsing relationship: /xl/_rels/workbook.xml.rels
09:06:52.788 [main] DEBUG org.apache.poi.openxml4j.opc.PackageRelationshipCollection - Parsing relationship: /_rels/.rels
09:06:52.804 [main] DEBUG org.apache.poi.openxml4j.opc.PackageRelationshipCollection - Parsing relationship: /xl/_rels/workbook.xml.rels
09:06:52.804 [main] DEBUG org.apache.poi.openxml4j.opc.PackageRelationshipCollection - Parsing relationship: /_rels/.rels
09:06:52.818 [main] DEBUG org.apache.poi.openxml4j.opc.PackageRelationshipCollection - Parsing relationship: /xl/_rels/workbook.xml.rels
09:06:52.819 [main] DEBUG org.apache.poi.openxml4j.opc.PackageRelationshipCollection - Parsing relationship: /_rels/.rels
09:06:52.832 [main] DEBUG org.apache.poi.openxml4j.opc.PackageRelationshipCollection - Parsing relationship: /xl/_rels/workbook.xml.rels
09:06:52.833 [main] DEBUG org.apache.poi.openxml4j.opc.PackageRelationshipCollection - Parsing relationship: /_rels/.rels
09:06:52.846 [main] DEBUG org.apache.poi.openxml4j.opc.PackageRelationshipCollection - Parsing relationship: /xl/_rels/workbook.xml.rels
09:06:52.846 [main] DEBUG org.apache.poi.openxml4j.opc.PackageRelationshipCollection - Parsing relationship: /_rels/.rels
09:06:52.860 [main] DEBUG org.apache.poi.openxml4j.opc.PackageRelationshipCollection - Parsing relationship: /xl/_rels/workbook.xml.rels
09:06:52.860 [main] DEBUG org.apache.poi.openxml4j.opc.PackageRelationshipCollection - Parsing relationship: /_rels/.rels
09:06:52.872 [main] DEBUG org.apache.poi.openxml4j.opc.PackageRelationshipCollection - Parsing relationship: /xl/_rels/workbook.xml.rels
09:06:52.873 [main] DEBUG org.apache.poi.openxml4j.opc.PackageRelationshipCollection - Parsing relationship: /_rels/.rels
09:06:52.885 [main] DEBUG org.apache.poi.openxml4j.opc.PackageRelationshipCollection - Parsing relationship: /xl/_rels/workbook.xml.rels
09:06:52.886 [main] DEBUG org.apache.poi.openxml4j.opc.PackageRelationshipCollection - Parsing relationship: /_rels/.rels
09:06:52.899 [main] DEBUG org.apache.poi.openxml4j.opc.PackageRelationshipCollection - Parsing relationship: /xl/_rels/workbook.xml.rels
09:06:52.900 [main] DEBUG org.apache.poi.openxml4j.opc.PackageRelationshipCollection - Parsing relationship: /_rels/.rels
09:06:52.918 [main] DEBUG org.apache.poi.openxml4j.opc.PackageRelationshipCollection - Parsing relationship: /xl/_rels/workbook.xml.rels
09:06:52.919 [main] DEBUG org.apache.poi.openxml4j.opc.PackageRelationshipCollection - Parsing relationship: /_rels/.rels
09:06:52.929 [main] DEBUG org.apache.poi.openxml4j.opc.PackageRelationshipCollection - Parsing relationship: /xl/_rels/workbook.xml.rels
09:06:52.930 [main] DEBUG org.apache.poi.openxml4j.opc.PackageRelationshipCollection - Parsing relationship: /_rels/.rels
09:06:52.942 [main] DEBUG org.apache.poi.openxml4j.opc.PackageRelationshipCollection - Parsing relationship: /xl/_rels/workbook.xml.rels
09:06:52.943 [main] DEBUG org.apache.poi.openxml4j.opc.PackageRelationshipCollection - Parsing relationship: /_rels/.rels
09:06:52.954 [main] DEBUG org.apache.poi.openxml4j.opc.PackageRelationshipCollection - Parsing relationship: /xl/_rels/workbook.xml.rels
09:06:52.955 [main] DEBUG org.apache.poi.openxml4j.opc.PackageRelationshipCollection - Parsing relationship: /_rels/.rels
09:06:52.969 [main] DEBUG org.apache.poi.openxml4j.opc.PackageRelationshipCollection - Parsing relationship: /xl/_rels/workbook.xml.rels
09:06:52.970 [main] DEBUG org.apache.poi.openxml4j.opc.PackageRelationshipCollection - Parsing relationship: /_rels/.rels
09:06:52.980 [main] DEBUG org.apache.poi.openxml4j.opc.PackageRelationshipCollection - Parsing relationship: /xl/_rels/workbook.xml.rels
09:06:52.981 [main] DEBUG org.apache.poi.openxml4j.opc.PackageRelationshipCollection - Parsing relationship: /_rels/.rels
09:06:52.992 [main] DEBUG org.apache.poi.openxml4j.opc.PackageRelationshipCollection - Parsing relationship: /xl/_rels/workbook.xml.rels
09:06:52.993 [main] DEBUG org.apache.poi.openxml4j.opc.PackageRelationshipCollection - Parsing relationship: /_rels/.rels
09:06:53.002 [main] DEBUG org.apache.poi.openxml4j.opc.PackageRelationshipCollection - Parsing relationship: /xl/_rels/workbook.xml.rels
09:06:53.002 [main] DEBUG org.apache.poi.openxml4j.opc.PackageRelationshipCollection - Parsing relationship: /_rels/.rels
09:06:53.012 [main] DEBUG org.apache.poi.openxml4j.opc.PackageRelationshipCollection - Parsing relationship: /xl/_rels/workbook.xml.rels
09:06:53.012 [main] DEBUG org.apache.poi.openxml4j.opc.PackageRelationshipCollection - Parsing relationship: /_rels/.rels
09:06:53.022 [main] DEBUG org.apache.poi.openxml4j.opc.PackageRelationshipCollection - Parsing relationship: /xl/_rels/workbook.xml.rels
09:06:53.022 [main] DEBUG org.apache.poi.openxml4j.opc.PackageRelationshipCollection - Parsing relationship: /_rels/.rels
09:06:53.033 [main] DEBUG org.apache.poi.openxml4j.opc.PackageRelationshipCollection - Parsing relationship: /xl/_rels/workbook.xml.rels
09:06:53.034 [main] DEBUG org.apache.poi.openxml4j.opc.PackageRelationshipCollection - Parsing relationship: /_rels/.rels
09:06:53.043 [main] DEBUG org.apache.poi.openxml4j.opc.PackageRelationshipCollection - Parsing relationship: /xl/_rels/workbook.xml.rels
09:06:53.043 [main] DEBUG org.apache.poi.openxml4j.opc.PackageRelationshipCollection - Parsing relationship: /_rels/.rels
09:06:53.053 [main] DEBUG org.apache.poi.openxml4j.opc.PackageRelationshipCollection - Parsing relationship: /xl/_rels/workbook.xml.rels
09:06:53.053 [main] DEBUG org.apache.poi.openxml4j.opc.PackageRelationshipCollection - Parsing relationship: /_rels/.rels
09:06:53.062 [main] DEBUG org.apache.poi.openxml4j.opc.PackageRelationshipCollection - Parsing relationship: /xl/_rels/workbook.xml.rels
09:06:53.063 [main] DEBUG org.apache.poi.openxml4j.opc.PackageRelationshipCollection - Parsing relationship: /_rels/.rels
09:06:54.504 [main] INFO  testCases.TC_ContactUs -  Starting Tc_contactus 
09:06:54.737 [main] INFO  testCases.TC_ContactUs - Home Page Displayed 
09:06:55.048 [main] INFO  testCases.TC_ContactUs - Clicked on ContactUs
09:06:55.179 [main] INFO  testCases.TC_ContactUs - Provided Name 
09:06:55.303 [main] INFO  testCases.TC_ContactUs - Provided Email 
09:06:55.402 [main] INFO  testCases.TC_ContactUs - Enter quert text
09:06:55.836 [main] ERROR testCases.TC_ContactUs - Query sent sucessfully to admin !!
09:06:55.837 [main] INFO  testCases.TC_ContactUs -  TC_ContactUs Finished  
09:06:57.076 [main] INFO  testCases.TC_ContactUs -  Starting Tc_contactus 
09:06:57.288 [main] INFO  testCases.TC_ContactUs - Home Page Displayed 
09:06:57.581 [main] INFO  testCases.TC_ContactUs - Clicked on ContactUs
09:06:57.703 [main] INFO  testCases.TC_ContactUs - Provided Name 
09:06:57.814 [main] INFO  testCases.TC_ContactUs - Provided Email 
09:06:57.953 [main] INFO  testCases.TC_ContactUs - Enter quert text
09:06:58.404 [main] ERROR testCases.TC_ContactUs - Query sent sucessfully to admin !!
09:06:58.404 [main] INFO  testCases.TC_ContactUs -  TC_ContactUs Finished  
09:06:59.686 [main] INFO  testCases.TC_ContactUs -  Starting Tc_contactus 
09:06:59.891 [main] INFO  testCases.TC_ContactUs - Home Page Displayed 
09:07:00.204 [main] INFO  testCases.TC_ContactUs - Clicked on ContactUs
09:07:00.303 [main] INFO  testCases.TC_ContactUs - Provided Name 
09:07:00.410 [main] INFO  testCases.TC_ContactUs - Provided Email 
09:07:00.557 [main] INFO  testCases.TC_ContactUs - Enter quert text
09:07:01.003 [main] ERROR testCases.TC_ContactUs - Query sent sucessfully to admin !!
09:07:01.003 [main] INFO  testCases.TC_ContactUs -  TC_ContactUs Finished  
09:07:10.550 [main] INFO  testCases.TC_ContactUs -  Starting Tc_contactus 
09:07:10.827 [main] INFO  testCases.TC_ContactUs - Home Page Displayed 
09:07:11.141 [main] INFO  testCases.TC_ContactUs - Clicked on ContactUs
09:07:11.229 [main] INFO  testCases.TC_ContactUs - Provided Name 
09:07:11.350 [main] INFO  testCases.TC_ContactUs - Provided Email 
09:07:11.475 [main] INFO  testCases.TC_ContactUs - Enter quert text
09:09:07.805 [main] DEBUG org.apache.poi.openxml4j.opc.PackageRelationshipCollection - Parsing relationship: /xl/_rels/workbook.xml.rels
09:09:07.808 [main] DEBUG org.apache.poi.openxml4j.opc.PackageRelationshipCollection - Parsing relationship: /_rels/.rels
09:09:07.870 [main] TRACE org.apache.xmlbeans.impl.common.XBeanDebug - Loading type system org.apache.poi.schemas.ooxml.system.ooxml
09:09:07.871 [main] TRACE org.apache.xmlbeans.impl.common.XBeanDebug - Loading type system org.apache.xmlbeans.metadata.system.sXMLCONFIG
09:09:07.871 [main] TRACE org.apache.xmlbeans.impl.common.XBeanDebug - Loading type system org.apache.xmlbeans.metadata.system.sXMLLANG
09:09:07.871 [main] TRACE org.apache.xmlbeans.impl.common.XBeanDebug - Loading type system org.apache.xmlbeans.metadata.system.sXMLSCHEMA
09:09:07.872 [main] TRACE org.apache.xmlbeans.impl.common.XBeanDebug - Loading type system org.apache.xmlbeans.metadata.system.sXMLTOOLS
09:09:07.872 [main] TRACE org.apache.xmlbeans.impl.common.XBeanDebug - Reading unresolved handles for type system org.apache.xmlbeans.metadata.system.sXMLTOOLS
09:09:07.883 [main] TRACE org.apache.xmlbeans.impl.common.XBeanDebug - Finished loading type system org.apache.xmlbeans.metadata.system.sXMLTOOLS
09:09:07.883 [main] TRACE org.apache.xmlbeans.impl.common.XBeanDebug - Reading unresolved handles for type system org.apache.xmlbeans.metadata.system.sXMLSCHEMA
09:09:07.887 [main] TRACE org.apache.xmlbeans.impl.common.XBeanDebug - Finished loading type system org.apache.xmlbeans.metadata.system.sXMLSCHEMA
09:09:07.888 [main] TRACE org.apache.xmlbeans.impl.common.XBeanDebug - Reading unresolved handles for type system org.apache.xmlbeans.metadata.system.sXMLLANG
09:09:07.889 [main] TRACE org.apache.xmlbeans.impl.common.XBeanDebug - Finished loading type system org.apache.xmlbeans.metadata.system.sXMLLANG
09:09:07.889 [main] TRACE org.apache.xmlbeans.impl.common.XBeanDebug - Reading unresolved handles for type system org.apache.xmlbeans.metadata.system.sXMLCONFIG
09:09:07.890 [main] TRACE org.apache.xmlbeans.impl.common.XBeanDebug - Finished loading type system org.apache.xmlbeans.metadata.system.sXMLCONFIG
09:09:07.890 [main] TRACE org.apache.xmlbeans.impl.common.XBeanDebug - Reading unresolved handles for type system org.apache.poi.schemas.ooxml.system.ooxml
09:09:07.946 [main] TRACE org.apache.xmlbeans.impl.common.XBeanDebug - Finished loading type system org.apache.poi.schemas.ooxml.system.ooxml
09:09:07.946 [main] TRACE org.apache.xmlbeans.impl.common.XBeanDebug - Resolving type for handle themefd26doctype
09:09:07.968 [main] TRACE org.apache.xmlbeans.impl.common.XBeanDebug - Resolving type for handle stylesheet5d8bdoctype
09:09:07.973 [main] TRACE org.apache.xmlbeans.impl.common.XBeanDebug - Resolving type for handle ctstylesheet4257type
09:09:07.974 [main] TRACE org.apache.xmlbeans.impl.common.XBeanDebug - Resolving type for handle ctnumfmtsb58btype
09:09:07.976 [main] TRACE org.apache.xmlbeans.impl.common.XBeanDebug - Resolving type for handle ctnumfmt3870type
09:09:07.976 [main] TRACE org.apache.xmlbeans.impl.common.XBeanDebug - Resolving type for handle stnumfmtid76fbtype
09:09:07.978 [main] TRACE org.apache.xmlbeans.impl.common.XBeanDebug - Resolving type for handle stxstringf179type
09:09:07.979 [main] TRACE org.apache.xmlbeans.impl.common.XBeanDebug - Resolving type for handle ctfonts6623type
09:09:07.980 [main] TRACE org.apache.xmlbeans.impl.common.XBeanDebug - Resolving type for handle ctfont14d8type
09:09:07.982 [main] TRACE org.apache.xmlbeans.impl.common.XBeanDebug - Resolving type for handle ctfills2c6ftype
09:09:07.983 [main] TRACE org.apache.xmlbeans.impl.common.XBeanDebug - Resolving type for handle ctfill550ctype
09:09:07.983 [main] TRACE org.apache.xmlbeans.impl.common.XBeanDebug - Resolving type for handle ctborders0d66type
09:09:07.984 [main] TRACE org.apache.xmlbeans.impl.common.XBeanDebug - Resolving type for handle ctborderf935type
09:09:07.985 [main] TRACE org.apache.xmlbeans.impl.common.XBeanDebug - Resolving type for handle ctcellxfs1322type
09:09:07.986 [main] TRACE org.apache.xmlbeans.impl.common.XBeanDebug - Resolving type for handle ctxf97f7type
09:09:07.987 [main] TRACE org.apache.xmlbeans.impl.common.XBeanDebug - Resolving type for handle ctcellstylexfsa81ftype
09:09:07.989 [main] TRACE org.apache.xmlbeans.impl.common.XBeanDebug - Resolving type for handle sstf81fdoctype
09:09:07.991 [main] TRACE org.apache.xmlbeans.impl.common.XBeanDebug - Resolving type for handle ctsst44f3type
09:09:07.992 [main] TRACE org.apache.xmlbeans.impl.common.XBeanDebug - Resolving type for handle ctrsta472type
09:09:08.001 [main] TRACE org.apache.xmlbeans.impl.common.XBeanDebug - Resolving type for handle workbookec17doctype
09:09:08.003 [main] TRACE org.apache.xmlbeans.impl.common.XBeanDebug - Resolving type for handle ctworkbook83c3type
09:09:08.006 [main] TRACE org.apache.xmlbeans.impl.common.XBeanDebug - Resolving type for handle ctsheets49fdtype
09:09:08.006 [main] TRACE org.apache.xmlbeans.impl.common.XBeanDebug - Resolving type for handle ctsheet4dbetype
09:09:08.007 [main] TRACE org.apache.xmlbeans.impl.common.XBeanDebug - Resolving type for handle strelationshipid1e94type
09:09:08.008 [main] TRACE org.apache.xmlbeans.impl.common.XBeanDebug - Resolving type for handle worksheetf539doctype
09:09:08.011 [main] TRACE org.apache.xmlbeans.impl.common.XBeanDebug - Resolving type for handle ctworksheet530dtype
09:09:08.014 [main] TRACE org.apache.xmlbeans.impl.common.XBeanDebug - Resolving type for handle ctcols627ctype
09:09:08.016 [main] TRACE org.apache.xmlbeans.impl.common.XBeanDebug - Resolving type for handle ctcola95ftype
09:09:08.024 [main] TRACE org.apache.xmlbeans.impl.common.XBeanDebug - Resolving type for handle ctsheetdata8408type
09:09:08.025 [main] TRACE org.apache.xmlbeans.impl.common.XBeanDebug - Resolving type for handle ctrowdd39type
09:09:08.027 [main] TRACE org.apache.xmlbeans.impl.common.XBeanDebug - Resolving type for handle ctcell842btype
09:09:08.030 [main] TRACE org.apache.xmlbeans.impl.common.XBeanDebug - Resolving type for handle stcellrefe4e0type
09:09:08.036 [main] TRACE org.apache.xmlbeans.impl.common.XBeanDebug - Resolving type for handle stcelltypebf95type
09:09:08.042 [main] DEBUG org.apache.poi.openxml4j.opc.PackageRelationshipCollection - Parsing relationship: /xl/_rels/workbook.xml.rels
09:09:08.042 [main] DEBUG org.apache.poi.openxml4j.opc.PackageRelationshipCollection - Parsing relationship: /_rels/.rels
09:09:08.059 [main] DEBUG org.apache.poi.openxml4j.opc.PackageRelationshipCollection - Parsing relationship: /xl/_rels/workbook.xml.rels
09:09:08.060 [main] DEBUG org.apache.poi.openxml4j.opc.PackageRelationshipCollection - Parsing relationship: /_rels/.rels
09:09:08.075 [main] DEBUG org.apache.poi.openxml4j.opc.PackageRelationshipCollection - Parsing relationship: /xl/_rels/workbook.xml.rels
09:09:08.075 [main] DEBUG org.apache.poi.openxml4j.opc.PackageRelationshipCollection - Parsing relationship: /_rels/.rels
09:09:08.089 [main] DEBUG org.apache.poi.openxml4j.opc.PackageRelationshipCollection - Parsing relationship: /xl/_rels/workbook.xml.rels
09:09:08.089 [main] DEBUG org.apache.poi.openxml4j.opc.PackageRelationshipCollection - Parsing relationship: /_rels/.rels
09:09:08.104 [main] DEBUG org.apache.poi.openxml4j.opc.PackageRelationshipCollection - Parsing relationship: /xl/_rels/workbook.xml.rels
09:09:08.104 [main] DEBUG org.apache.poi.openxml4j.opc.PackageRelationshipCollection - Parsing relationship: /_rels/.rels
09:09:08.120 [main] DEBUG org.apache.poi.openxml4j.opc.PackageRelationshipCollection - Parsing relationship: /xl/_rels/workbook.xml.rels
09:09:08.121 [main] DEBUG org.apache.poi.openxml4j.opc.PackageRelationshipCollection - Parsing relationship: /_rels/.rels
09:09:08.135 [main] DEBUG org.apache.poi.openxml4j.opc.PackageRelationshipCollection - Parsing relationship: /xl/_rels/workbook.xml.rels
09:09:08.135 [main] DEBUG org.apache.poi.openxml4j.opc.PackageRelationshipCollection - Parsing relationship: /_rels/.rels
09:09:08.146 [main] DEBUG org.apache.poi.openxml4j.opc.PackageRelationshipCollection - Parsing relationship: /xl/_rels/workbook.xml.rels
09:09:08.146 [main] DEBUG org.apache.poi.openxml4j.opc.PackageRelationshipCollection - Parsing relationship: /_rels/.rels
09:09:08.157 [main] DEBUG org.apache.poi.openxml4j.opc.PackageRelationshipCollection - Parsing relationship: /xl/_rels/workbook.xml.rels
09:09:08.157 [main] DEBUG org.apache.poi.openxml4j.opc.PackageRelationshipCollection - Parsing relationship: /_rels/.rels
09:09:08.168 [main] DEBUG org.apache.poi.openxml4j.opc.PackageRelationshipCollection - Parsing relationship: /xl/_rels/workbook.xml.rels
09:09:08.169 [main] DEBUG org.apache.poi.openxml4j.opc.PackageRelationshipCollection - Parsing relationship: /_rels/.rels
09:09:08.178 [main] DEBUG org.apache.poi.openxml4j.opc.PackageRelationshipCollection - Parsing relationship: /xl/_rels/workbook.xml.rels
09:09:08.179 [main] DEBUG org.apache.poi.openxml4j.opc.PackageRelationshipCollection - Parsing relationship: /_rels/.rels
09:09:08.188 [main] DEBUG org.apache.poi.openxml4j.opc.PackageRelationshipCollection - Parsing relationship: /xl/_rels/workbook.xml.rels
09:09:08.189 [main] DEBUG org.apache.poi.openxml4j.opc.PackageRelationshipCollection - Parsing relationship: /_rels/.rels
09:09:08.200 [main] DEBUG org.apache.poi.openxml4j.opc.PackageRelationshipCollection - Parsing relationship: /xl/_rels/workbook.xml.rels
09:09:08.200 [main] DEBUG org.apache.poi.openxml4j.opc.PackageRelationshipCollection - Parsing relationship: /_rels/.rels
09:09:08.210 [main] DEBUG org.apache.poi.openxml4j.opc.PackageRelationshipCollection - Parsing relationship: /xl/_rels/workbook.xml.rels
09:09:08.210 [main] DEBUG org.apache.poi.openxml4j.opc.PackageRelationshipCollection - Parsing relationship: /_rels/.rels
09:09:08.219 [main] DEBUG org.apache.poi.openxml4j.opc.PackageRelationshipCollection - Parsing relationship: /xl/_rels/workbook.xml.rels
09:09:08.219 [main] DEBUG org.apache.poi.openxml4j.opc.PackageRelationshipCollection - Parsing relationship: /_rels/.rels
09:09:08.229 [main] DEBUG org.apache.poi.openxml4j.opc.PackageRelationshipCollection - Parsing relationship: /xl/_rels/workbook.xml.rels
09:09:08.229 [main] DEBUG org.apache.poi.openxml4j.opc.PackageRelationshipCollection - Parsing relationship: /_rels/.rels
09:09:08.238 [main] DEBUG org.apache.poi.openxml4j.opc.PackageRelationshipCollection - Parsing relationship: /xl/_rels/workbook.xml.rels
09:09:08.238 [main] DEBUG org.apache.poi.openxml4j.opc.PackageRelationshipCollection - Parsing relationship: /_rels/.rels
09:09:08.248 [main] DEBUG org.apache.poi.openxml4j.opc.PackageRelationshipCollection - Parsing relationship: /xl/_rels/workbook.xml.rels
09:09:08.248 [main] DEBUG org.apache.poi.openxml4j.opc.PackageRelationshipCollection - Parsing relationship: /_rels/.rels
09:09:08.257 [main] DEBUG org.apache.poi.openxml4j.opc.PackageRelationshipCollection - Parsing relationship: /xl/_rels/workbook.xml.rels
09:09:08.258 [main] DEBUG org.apache.poi.openxml4j.opc.PackageRelationshipCollection - Parsing relationship: /_rels/.rels
09:09:08.269 [main] DEBUG org.apache.poi.openxml4j.opc.PackageRelationshipCollection - Parsing relationship: /xl/_rels/workbook.xml.rels
09:09:08.269 [main] DEBUG org.apache.poi.openxml4j.opc.PackageRelationshipCollection - Parsing relationship: /_rels/.rels
09:09:08.280 [main] DEBUG org.apache.poi.openxml4j.opc.PackageRelationshipCollection - Parsing relationship: /xl/_rels/workbook.xml.rels
09:09:08.281 [main] DEBUG org.apache.poi.openxml4j.opc.PackageRelationshipCollection - Parsing relationship: /_rels/.rels
09:09:08.294 [main] DEBUG org.apache.poi.openxml4j.opc.PackageRelationshipCollection - Parsing relationship: /xl/_rels/workbook.xml.rels
09:09:08.295 [main] DEBUG org.apache.poi.openxml4j.opc.PackageRelationshipCollection - Parsing relationship: /_rels/.rels
09:09:08.303 [main] DEBUG org.apache.poi.openxml4j.opc.PackageRelationshipCollection - Parsing relationship: /xl/_rels/workbook.xml.rels
09:09:08.304 [main] DEBUG org.apache.poi.openxml4j.opc.PackageRelationshipCollection - Parsing relationship: /_rels/.rels
09:09:08.312 [main] DEBUG org.apache.poi.openxml4j.opc.PackageRelationshipCollection - Parsing relationship: /xl/_rels/workbook.xml.rels
09:09:08.313 [main] DEBUG org.apache.poi.openxml4j.opc.PackageRelationshipCollection - Parsing relationship: /_rels/.rels
09:09:08.321 [main] DEBUG org.apache.poi.openxml4j.opc.PackageRelationshipCollection - Parsing relationship: /xl/_rels/workbook.xml.rels
09:09:08.322 [main] DEBUG org.apache.poi.openxml4j.opc.PackageRelationshipCollection - Parsing relationship: /_rels/.rels
09:09:08.339 [main] INFO  testCases.TC_ContactUs -  Starting Tc_contactus 
09:09:08.625 [main] INFO  testCases.TC_ContactUs - Home Page Displayed 
09:09:09.019 [main] INFO  testCases.TC_ContactUs - Clicked on ContactUs
09:09:09.146 [main] INFO  testCases.TC_ContactUs - Provided Name 
09:09:09.254 [main] INFO  testCases.TC_ContactUs - Provided Email 
09:09:09.375 [main] INFO  testCases.TC_ContactUs - Enter quert text
09:09:09.862 [main] ERROR testCases.TC_ContactUs - Query sent sucessfully to admin !!
09:09:09.863 [main] INFO  testCases.TC_ContactUs -  TC_ContactUs Finished  
09:09:09.876 [main] INFO  testCases.TC_ContactUs -  Starting Tc_contactus 
09:09:10.090 [main] INFO  testCases.TC_ContactUs - Home Page Displayed 
09:09:10.345 [main] INFO  testCases.TC_ContactUs - Clicked on ContactUs
09:09:10.435 [main] INFO  testCases.TC_ContactUs - Provided Name 
09:09:10.555 [main] INFO  testCases.TC_ContactUs - Provided Email 
09:09:10.657 [main] INFO  testCases.TC_ContactUs - Enter quert text
09:09:11.065 [main] ERROR testCases.TC_ContactUs - Query sent sucessfully to admin !!
09:09:11.065 [main] INFO  testCases.TC_ContactUs -  TC_ContactUs Finished  
09:09:11.069 [main] INFO  testCases.TC_ContactUs -  Starting Tc_contactus 
09:09:11.265 [main] INFO  testCases.TC_ContactUs - Home Page Displayed 
09:09:11.522 [main] INFO  testCases.TC_ContactUs - Clicked on ContactUs
09:09:11.618 [main] INFO  testCases.TC_ContactUs - Provided Name 
09:09:11.729 [main] INFO  testCases.TC_ContactUs - Provided Email 
09:09:11.836 [main] INFO  testCases.TC_ContactUs - Enter quert text
09:09:12.254 [main] ERROR testCases.TC_ContactUs - Query sent sucessfully to admin !!
09:09:12.254 [main] INFO  testCases.TC_ContactUs -  TC_ContactUs Finished  
09:09:12.259 [main] INFO  testCases.TC_ContactUs -  Starting Tc_contactus 
09:09:12.453 [main] INFO  testCases.TC_ContactUs - Home Page Displayed 
09:09:12.723 [main] INFO  testCases.TC_ContactUs - Clicked on ContactUs
09:09:12.819 [main] INFO  testCases.TC_ContactUs - Provided Name 
09:09:12.926 [main] INFO  testCases.TC_ContactUs - Provided Email 
09:09:13.043 [main] INFO  testCases.TC_ContactUs - Enter quert text
09:09:13.459 [main] ERROR testCases.TC_ContactUs - Query sent sucessfully to admin !!
09:09:13.459 [main] INFO  testCases.TC_ContactUs -  TC_ContactUs Finished  
09:09:15.017 [main] DEBUG org.apache.poi.openxml4j.opc.PackageRelationshipCollection - Parsing relationship: /xl/_rels/workbook.xml.rels
09:09:15.019 [main] DEBUG org.apache.poi.openxml4j.opc.PackageRelationshipCollection - Parsing relationship: /_rels/.rels
09:09:15.087 [main] DEBUG org.apache.poi.openxml4j.opc.PackageRelationshipCollection - Parsing relationship: /xl/_rels/workbook.xml.rels
09:09:15.088 [main] DEBUG org.apache.poi.openxml4j.opc.PackageRelationshipCollection - Parsing relationship: /_rels/.rels
09:09:15.104 [main] DEBUG org.apache.poi.openxml4j.opc.PackageRelationshipCollection - Parsing relationship: /xl/_rels/workbook.xml.rels
09:09:15.105 [main] DEBUG org.apache.poi.openxml4j.opc.PackageRelationshipCollection - Parsing relationship: /_rels/.rels
09:09:15.116 [main] DEBUG org.apache.poi.openxml4j.opc.PackageRelationshipCollection - Parsing relationship: /xl/_rels/workbook.xml.rels
09:09:15.116 [main] DEBUG org.apache.poi.openxml4j.opc.PackageRelationshipCollection - Parsing relationship: /_rels/.rels
09:09:15.122 [main] DEBUG org.apache.poi.openxml4j.opc.PackageRelationshipCollection - Parsing relationship: /xl/_rels/workbook.xml.rels
09:09:15.123 [main] DEBUG org.apache.poi.openxml4j.opc.PackageRelationshipCollection - Parsing relationship: /_rels/.rels
09:09:15.131 [main] DEBUG org.apache.poi.openxml4j.opc.PackageRelationshipCollection - Parsing relationship: /xl/_rels/workbook.xml.rels
09:09:15.132 [main] DEBUG org.apache.poi.openxml4j.opc.PackageRelationshipCollection - Parsing relationship: /_rels/.rels
09:09:15.139 [main] DEBUG org.apache.poi.openxml4j.opc.PackageRelationshipCollection - Parsing relationship: /xl/_rels/workbook.xml.rels
09:09:15.139 [main] DEBUG org.apache.poi.openxml4j.opc.PackageRelationshipCollection - Parsing relationship: /_rels/.rels
09:09:15.149 [main] DEBUG org.apache.poi.openxml4j.opc.PackageRelationshipCollection - Parsing relationship: /xl/_rels/workbook.xml.rels
09:09:15.149 [main] DEBUG org.apache.poi.openxml4j.opc.PackageRelationshipCollection - Parsing relationship: /_rels/.rels
09:09:15.157 [main] DEBUG org.apache.poi.openxml4j.opc.PackageRelationshipCollection - Parsing relationship: /xl/_rels/workbook.xml.rels
09:09:15.157 [main] DEBUG org.apache.poi.openxml4j.opc.PackageRelationshipCollection - Parsing relationship: /_rels/.rels
09:09:15.173 [main] DEBUG org.apache.poi.openxml4j.opc.PackageRelationshipCollection - Parsing relationship: /xl/_rels/workbook.xml.rels
09:09:15.174 [main] DEBUG org.apache.poi.openxml4j.opc.PackageRelationshipCollection - Parsing relationship: /_rels/.rels
09:09:15.180 [main] DEBUG org.apache.poi.openxml4j.opc.PackageRelationshipCollection - Parsing relationship: /xl/_rels/workbook.xml.rels
09:09:15.180 [main] DEBUG org.apache.poi.openxml4j.opc.PackageRelationshipCollection - Parsing relationship: /_rels/.rels
09:09:15.187 [main] DEBUG org.apache.poi.openxml4j.opc.PackageRelationshipCollection - Parsing relationship: /xl/_rels/workbook.xml.rels
09:09:15.187 [main] DEBUG org.apache.poi.openxml4j.opc.PackageRelationshipCollection - Parsing relationship: /_rels/.rels
09:09:15.196 [main] DEBUG org.apache.poi.openxml4j.opc.PackageRelationshipCollection - Parsing relationship: /xl/_rels/workbook.xml.rels
09:09:15.197 [main] DEBUG org.apache.poi.openxml4j.opc.PackageRelationshipCollection - Parsing relationship: /_rels/.rels
09:09:15.203 [main] DEBUG org.apache.poi.openxml4j.opc.PackageRelationshipCollection - Parsing relationship: /xl/_rels/workbook.xml.rels
09:09:15.204 [main] DEBUG org.apache.poi.openxml4j.opc.PackageRelationshipCollection - Parsing relationship: /_rels/.rels
09:09:15.213 [main] DEBUG org.apache.poi.openxml4j.opc.PackageRelationshipCollection - Parsing relationship: /xl/_rels/workbook.xml.rels
09:09:15.213 [main] DEBUG org.apache.poi.openxml4j.opc.PackageRelationshipCollection - Parsing relationship: /_rels/.rels
09:09:15.219 [main] DEBUG org.apache.poi.openxml4j.opc.PackageRelationshipCollection - Parsing relationship: /xl/_rels/workbook.xml.rels
09:09:15.219 [main] DEBUG org.apache.poi.openxml4j.opc.PackageRelationshipCollection - Parsing relationship: /_rels/.rels
09:09:15.228 [main] DEBUG org.apache.poi.openxml4j.opc.PackageRelationshipCollection - Parsing relationship: /xl/_rels/workbook.xml.rels
09:09:15.229 [main] DEBUG org.apache.poi.openxml4j.opc.PackageRelationshipCollection - Parsing relationship: /_rels/.rels
09:09:15.235 [main] DEBUG org.apache.poi.openxml4j.opc.PackageRelationshipCollection - Parsing relationship: /xl/_rels/workbook.xml.rels
09:09:15.235 [main] DEBUG org.apache.poi.openxml4j.opc.PackageRelationshipCollection - Parsing relationship: /_rels/.rels
09:09:15.242 [main] DEBUG org.apache.poi.openxml4j.opc.PackageRelationshipCollection - Parsing relationship: /xl/_rels/workbook.xml.rels
09:09:15.243 [main] DEBUG org.apache.poi.openxml4j.opc.PackageRelationshipCollection - Parsing relationship: /_rels/.rels
09:09:15.248 [main] DEBUG org.apache.poi.openxml4j.opc.PackageRelationshipCollection - Parsing relationship: /xl/_rels/workbook.xml.rels
09:09:15.249 [main] DEBUG org.apache.poi.openxml4j.opc.PackageRelationshipCollection - Parsing relationship: /_rels/.rels
09:09:15.255 [main] DEBUG org.apache.poi.openxml4j.opc.PackageRelationshipCollection - Parsing relationship: /xl/_rels/workbook.xml.rels
09:09:15.256 [main] DEBUG org.apache.poi.openxml4j.opc.PackageRelationshipCollection - Parsing relationship: /_rels/.rels
09:09:15.264 [main] DEBUG org.apache.poi.openxml4j.opc.PackageRelationshipCollection - Parsing relationship: /xl/_rels/workbook.xml.rels
09:09:15.265 [main] DEBUG org.apache.poi.openxml4j.opc.PackageRelationshipCollection - Parsing relationship: /_rels/.rels
09:09:15.271 [main] DEBUG org.apache.poi.openxml4j.opc.PackageRelationshipCollection - Parsing relationship: /xl/_rels/workbook.xml.rels
09:09:15.272 [main] DEBUG org.apache.poi.openxml4j.opc.PackageRelationshipCollection - Parsing relationship: /_rels/.rels
09:09:15.278 [main] DEBUG org.apache.poi.openxml4j.opc.PackageRelationshipCollection - Parsing relationship: /xl/_rels/workbook.xml.rels
09:09:15.278 [main] DEBUG org.apache.poi.openxml4j.opc.PackageRelationshipCollection - Parsing relationship: /_rels/.rels
09:09:15.284 [main] DEBUG org.apache.poi.openxml4j.opc.PackageRelationshipCollection - Parsing relationship: /xl/_rels/workbook.xml.rels
09:09:15.284 [main] DEBUG org.apache.poi.openxml4j.opc.PackageRelationshipCollection - Parsing relationship: /_rels/.rels
09:09:15.290 [main] DEBUG org.apache.poi.openxml4j.opc.PackageRelationshipCollection - Parsing relationship: /xl/_rels/workbook.xml.rels
09:09:15.291 [main] DEBUG org.apache.poi.openxml4j.opc.PackageRelationshipCollection - Parsing relationship: /_rels/.rels
09:09:15.297 [main] INFO  testCases.TC_003_LoginDDT -  Starting TC_003_LoginDDT 
09:09:15.547 [main] INFO  testCases.TC_003_LoginDDT - Home Page Displayed 
09:09:15.623 [main] INFO  testCases.TC_003_LoginDDT - Clicked on My Account 
09:09:15.886 [main] INFO  testCases.TC_003_LoginDDT - Clicked on Login 
09:09:16.001 [main] INFO  testCases.TC_003_LoginDDT - Provided Email 
09:09:16.089 [main] INFO  testCases.TC_003_LoginDDT - Provided Password 
09:09:16.665 [main] INFO  testCases.TC_003_LoginDDT - Clicked on Login
09:09:26.713 [main] ERROR testCases.TC_003_LoginDDT - Login Failed 
09:09:26.716 [main] INFO  testCases.TC_003_LoginDDT -  Starting TC_003_LoginDDT 
09:09:26.976 [main] INFO  testCases.TC_003_LoginDDT - Home Page Displayed 
09:09:27.042 [main] INFO  testCases.TC_003_LoginDDT - Clicked on My Account 
09:09:27.337 [main] INFO  testCases.TC_003_LoginDDT - Clicked on Login 
09:09:27.419 [main] INFO  testCases.TC_003_LoginDDT - Provided Email 
09:09:27.501 [main] INFO  testCases.TC_003_LoginDDT - Provided Password 
09:09:27.596 [main] INFO  testCases.TC_003_LoginDDT - Clicked on Login
09:09:38.264 [main] ERROR testCases.TC_003_LoginDDT - Login Failed 
09:09:38.264 [main] INFO  testCases.TC_003_LoginDDT -  Finished TC_003_LoginDDT 
09:09:38.266 [main] INFO  testCases.TC_003_LoginDDT -  Starting TC_003_LoginDDT 
09:09:38.660 [main] INFO  testCases.TC_003_LoginDDT - Home Page Displayed 
09:09:38.734 [main] INFO  testCases.TC_003_LoginDDT - Clicked on My Account 
09:09:39.012 [main] INFO  testCases.TC_003_LoginDDT - Clicked on Login 
09:09:39.122 [main] INFO  testCases.TC_003_LoginDDT - Provided Email 
09:09:39.226 [main] INFO  testCases.TC_003_LoginDDT - Provided Password 
09:09:39.365 [main] INFO  testCases.TC_003_LoginDDT - Clicked on Login
09:09:50.001 [main] ERROR testCases.TC_003_LoginDDT - Login Failed 
09:09:50.001 [main] INFO  testCases.TC_003_LoginDDT -  Finished TC_003_LoginDDT 
09:09:50.003 [main] INFO  testCases.TC_003_LoginDDT -  Starting TC_003_LoginDDT 
09:09:50.352 [main] INFO  testCases.TC_003_LoginDDT - Home Page Displayed 
09:09:50.417 [main] INFO  testCases.TC_003_LoginDDT - Clicked on My Account 
09:09:50.731 [main] INFO  testCases.TC_003_LoginDDT - Clicked on Login 
