12:09:58.576 [main] DEBUG org.apache.poi.openxml4j.opc.PackageRelationshipCollection - Parsing relationship: /_rels/.rels
12:09:58.622 [main] DEBUG org.apache.poi.openxml4j.opc.PackageRelationshipCollection - Parsing relationship: /xl/_rels/workbook.xml.rels
12:09:58.623 [main] DEBUG org.apache.poi.openxml4j.opc.PackageRelationshipCollection - Parsing relationship: /_rels/.rels
12:09:58.646 [main] DEBUG org.apache.poi.openxml4j.opc.PackageRelationshipCollection - Parsing relationship: /xl/_rels/workbook.xml.rels
12:09:58.647 [main] DEBUG org.apache.poi.openxml4j.opc.PackageRelationshipCollection - Parsing relationship: /_rels/.rels
12:09:58.676 [main] DEBUG org.apache.poi.openxml4j.opc.PackageRelationshipCollection - Parsing relationship: /xl/_rels/workbook.xml.rels
12:09:58.678 [main] DEBUG org.apache.poi.openxml4j.opc.PackageRelationshipCollection - Parsing relationship: /_rels/.rels
12:09:58.716 [main] DEBUG org.apache.poi.openxml4j.opc.PackageRelationshipCollection - Parsing relationship: /xl/_rels/workbook.xml.rels
12:09:58.718 [main] DEBUG org.apache.poi.openxml4j.opc.PackageRelationshipCollection - Parsing relationship: /_rels/.rels
12:09:58.751 [main] DEBUG org.apache.poi.openxml4j.opc.PackageRelationshipCollection - Parsing relationship: /xl/_rels/workbook.xml.rels
12:09:58.753 [main] DEBUG org.apache.poi.openxml4j.opc.PackageRelationshipCollection - Parsing relationship: /_rels/.rels
12:09:58.793 [main] DEBUG org.apache.poi.openxml4j.opc.PackageRelationshipCollection - Parsing relationship: /xl/_rels/workbook.xml.rels
12:09:58.795 [main] DEBUG org.apache.poi.openxml4j.opc.PackageRelationshipCollection - Parsing relationship: /_rels/.rels
12:09:58.824 [main] DEBUG org.apache.poi.openxml4j.opc.PackageRelationshipCollection - Parsing relationship: /xl/_rels/workbook.xml.rels
12:09:58.825 [main] DEBUG org.apache.poi.openxml4j.opc.PackageRelationshipCollection - Parsing relationship: /_rels/.rels
12:09:58.862 [main] DEBUG org.apache.poi.openxml4j.opc.PackageRelationshipCollection - Parsing relationship: /xl/_rels/workbook.xml.rels
12:09:58.863 [main] DEBUG org.apache.poi.openxml4j.opc.PackageRelationshipCollection - Parsing relationship: /_rels/.rels
12:09:58.894 [main] DEBUG org.apache.poi.openxml4j.opc.PackageRelationshipCollection - Parsing relationship: /xl/_rels/workbook.xml.rels
12:09:58.895 [main] DEBUG org.apache.poi.openxml4j.opc.PackageRelationshipCollection - Parsing relationship: /_rels/.rels
12:09:58.917 [main] DEBUG org.apache.poi.openxml4j.opc.PackageRelationshipCollection - Parsing relationship: /xl/_rels/workbook.xml.rels
12:09:58.918 [main] DEBUG org.apache.poi.openxml4j.opc.PackageRelationshipCollection - Parsing relationship: /_rels/.rels
12:09:58.947 [main] DEBUG org.apache.poi.openxml4j.opc.PackageRelationshipCollection - Parsing relationship: /xl/_rels/workbook.xml.rels
12:09:58.949 [main] DEBUG org.apache.poi.openxml4j.opc.PackageRelationshipCollection - Parsing relationship: /_rels/.rels
12:09:58.983 [main] INFO  testCases.TC_003_LoginDDT -  Starting TC_003_LoginDDT 
12:09:59.399 [main] INFO  testCases.TC_003_LoginDDT - Home Page Displayed 
12:09:59.577 [main] INFO  testCases.TC_003_LoginDDT - Clicked on My Account 
12:09:59.944 [main] INFO  testCases.TC_003_LoginDDT - Clicked on Login 
12:10:00.125 [main] INFO  testCases.TC_003_LoginDDT - Provided Email 
12:10:00.277 [main] INFO  testCases.TC_003_LoginDDT - Provided Password 
12:10:01.118 [main] INFO  testCases.TC_003_LoginDDT - Clicked on Login
12:10:01.180 [main] INFO  testCases.TC_003_LoginDDT - Login Success 
12:10:02.237 [main] INFO  testCases.TC_003_LoginDDT -  Finished TC_003_LoginDDT 
12:10:02.240 [main] INFO  testCases.TC_003_LoginDDT -  Starting TC_003_LoginDDT 
12:10:03.011 [main] INFO  testCases.TC_003_LoginDDT - Home Page Displayed 
12:10:03.200 [main] INFO  testCases.TC_003_LoginDDT - Clicked on My Account 
12:10:04.527 [main] INFO  testCases.TC_003_LoginDDT - Clicked on Login 
12:10:04.692 [main] INFO  testCases.TC_003_LoginDDT - Provided Email 
12:10:04.839 [main] INFO  testCases.TC_003_LoginDDT - Provided Password 
12:10:07.668 [main] INFO  testCases.TC_003_LoginDDT - Clicked on Login
12:10:17.725 [main] ERROR testCases.TC_003_LoginDDT - Login Failed 
12:10:17.725 [main] INFO  testCases.TC_003_LoginDDT -  Finished TC_003_LoginDDT 
12:10:17.727 [main] INFO  testCases.TC_003_LoginDDT -  Starting TC_003_LoginDDT 
12:10:18.000 [main] INFO  testCases.TC_003_LoginDDT - Home Page Displayed 
12:10:18.144 [main] INFO  testCases.TC_003_LoginDDT - Clicked on My Account 
12:10:18.502 [main] INFO  testCases.TC_003_LoginDDT - Clicked on Login 
12:10:18.656 [main] INFO  testCases.TC_003_LoginDDT - Provided Email 
12:10:18.824 [main] INFO  testCases.TC_003_LoginDDT - Provided Password 
12:10:19.005 [main] INFO  testCases.TC_003_LoginDDT - Clicked on Login
12:10:29.020 [main] ERROR testCases.TC_003_LoginDDT - Login Failed 
12:10:29.020 [main] INFO  testCases.TC_003_LoginDDT -  Finished TC_003_LoginDDT 
12:10:29.022 [main] INFO  testCases.TC_003_LoginDDT -  Starting TC_003_LoginDDT 
12:10:29.256 [main] INFO  testCases.TC_003_LoginDDT - Home Page Displayed 
12:10:29.410 [main] INFO  testCases.TC_003_LoginDDT - Clicked on My Account 
12:10:29.746 [main] INFO  testCases.TC_003_LoginDDT - Clicked on Login 
12:10:29.881 [main] INFO  testCases.TC_003_LoginDDT - Provided Email 
12:10:30.053 [main] INFO  testCases.TC_003_LoginDDT - Provided Password 
12:10:30.760 [main] INFO  testCases.TC_003_LoginDDT - Clicked on Login
12:10:40.865 [main] ERROR testCases.TC_003_LoginDDT - Login Failed 
12:10:40.866 [main] INFO  testCases.TC_003_LoginDDT -  Finished TC_003_LoginDDT 
12:10:42.974 [main] DEBUG org.apache.poi.openxml4j.opc.PackageRelationshipCollection - Parsing relationship: /xl/_rels/workbook.xml.rels
12:10:42.975 [main] DEBUG org.apache.poi.openxml4j.opc.PackageRelationshipCollection - Parsing relationship: /_rels/.rels
12:10:42.993 [main] DEBUG org.apache.poi.openxml4j.opc.PackageRelationshipCollection - Parsing relationship: /xl/_rels/workbook.xml.rels
12:10:42.994 [main] DEBUG org.apache.poi.openxml4j.opc.PackageRelationshipCollection - Parsing relationship: /_rels/.rels
12:10:43.033 [main] DEBUG org.apache.poi.openxml4j.opc.PackageRelationshipCollection - Parsing relationship: /xl/_rels/workbook.xml.rels
12:10:43.034 [main] DEBUG org.apache.poi.openxml4j.opc.PackageRelationshipCollection - Parsing relationship: /_rels/.rels
12:10:43.073 [main] DEBUG org.apache.poi.openxml4j.opc.PackageRelationshipCollection - Parsing relationship: /xl/_rels/workbook.xml.rels
12:10:43.074 [main] DEBUG org.apache.poi.openxml4j.opc.PackageRelationshipCollection - Parsing relationship: /_rels/.rels
12:10:43.121 [main] DEBUG org.apache.poi.openxml4j.opc.PackageRelationshipCollection - Parsing relationship: /xl/_rels/workbook.xml.rels
12:10:43.121 [main] DEBUG org.apache.poi.openxml4j.opc.PackageRelationshipCollection - Parsing relationship: /_rels/.rels
12:10:43.139 [main] DEBUG org.apache.poi.openxml4j.opc.PackageRelationshipCollection - Parsing relationship: /xl/_rels/workbook.xml.rels
12:10:43.140 [main] DEBUG org.apache.poi.openxml4j.opc.PackageRelationshipCollection - Parsing relationship: /_rels/.rels
12:10:43.186 [main] DEBUG org.apache.poi.openxml4j.opc.PackageRelationshipCollection - Parsing relationship: /xl/_rels/workbook.xml.rels
12:10:43.188 [main] DEBUG org.apache.poi.openxml4j.opc.PackageRelationshipCollection - Parsing relationship: /_rels/.rels
12:10:43.212 [main] DEBUG org.apache.poi.openxml4j.opc.PackageRelationshipCollection - Parsing relationship: /xl/_rels/workbook.xml.rels
12:10:43.213 [main] DEBUG org.apache.poi.openxml4j.opc.PackageRelationshipCollection - Parsing relationship: /_rels/.rels
12:10:43.228 [main] DEBUG org.apache.poi.openxml4j.opc.PackageRelationshipCollection - Parsing relationship: /xl/_rels/workbook.xml.rels
12:10:43.229 [main] DEBUG org.apache.poi.openxml4j.opc.PackageRelationshipCollection - Parsing relationship: /_rels/.rels
12:10:43.247 [main] DEBUG org.apache.poi.openxml4j.opc.PackageRelationshipCollection - Parsing relationship: /xl/_rels/workbook.xml.rels
12:10:43.247 [main] DEBUG org.apache.poi.openxml4j.opc.PackageRelationshipCollection - Parsing relationship: /_rels/.rels
12:10:43.260 [main] DEBUG org.apache.poi.openxml4j.opc.PackageRelationshipCollection - Parsing relationship: /xl/_rels/workbook.xml.rels
12:10:43.260 [main] DEBUG org.apache.poi.openxml4j.opc.PackageRelationshipCollection - Parsing relationship: /_rels/.rels
12:10:43.274 [main] DEBUG org.apache.poi.openxml4j.opc.PackageRelationshipCollection - Parsing relationship: /xl/_rels/workbook.xml.rels
12:10:43.275 [main] DEBUG org.apache.poi.openxml4j.opc.PackageRelationshipCollection - Parsing relationship: /_rels/.rels
12:10:43.287 [main] DEBUG org.apache.poi.openxml4j.opc.PackageRelationshipCollection - Parsing relationship: /xl/_rels/workbook.xml.rels
12:10:43.288 [main] DEBUG org.apache.poi.openxml4j.opc.PackageRelationshipCollection - Parsing relationship: /_rels/.rels
12:10:43.298 [main] DEBUG org.apache.poi.openxml4j.opc.PackageRelationshipCollection - Parsing relationship: /xl/_rels/workbook.xml.rels
12:10:43.299 [main] DEBUG org.apache.poi.openxml4j.opc.PackageRelationshipCollection - Parsing relationship: /_rels/.rels
12:10:43.309 [main] DEBUG org.apache.poi.openxml4j.opc.PackageRelationshipCollection - Parsing relationship: /xl/_rels/workbook.xml.rels
12:10:43.309 [main] DEBUG org.apache.poi.openxml4j.opc.PackageRelationshipCollection - Parsing relationship: /_rels/.rels
12:10:43.321 [main] DEBUG org.apache.poi.openxml4j.opc.PackageRelationshipCollection - Parsing relationship: /xl/_rels/workbook.xml.rels
12:10:43.322 [main] DEBUG org.apache.poi.openxml4j.opc.PackageRelationshipCollection - Parsing relationship: /_rels/.rels
12:10:43.330 [main] INFO  testCases.AddressBookTest - Starting login test
12:10:44.728 [main] INFO  testCases.AddressBookTest - Finshed testaddress
12:10:48.857 [main] INFO  testCases.AddressBookTest - Starting login test
12:10:59.429 [main] FATAL testCases.AddressBookTest - Login failed
12:11:01.316 [main] DEBUG org.apache.poi.openxml4j.opc.PackageRelationshipCollection - Parsing relationship: /xl/_rels/workbook.xml.rels
12:11:01.317 [main] DEBUG org.apache.poi.openxml4j.opc.PackageRelationshipCollection - Parsing relationship: /_rels/.rels
12:11:01.331 [main] DEBUG org.apache.poi.openxml4j.opc.PackageRelationshipCollection - Parsing relationship: /xl/_rels/workbook.xml.rels
12:11:01.332 [main] DEBUG org.apache.poi.openxml4j.opc.PackageRelationshipCollection - Parsing relationship: /_rels/.rels
12:11:01.353 [main] DEBUG org.apache.poi.openxml4j.opc.PackageRelationshipCollection - Parsing relationship: /xl/_rels/workbook.xml.rels
12:11:01.355 [main] DEBUG org.apache.poi.openxml4j.opc.PackageRelationshipCollection - Parsing relationship: /_rels/.rels
12:11:01.386 [main] DEBUG org.apache.poi.openxml4j.opc.PackageRelationshipCollection - Parsing relationship: /xl/_rels/workbook.xml.rels
12:11:01.387 [main] DEBUG org.apache.poi.openxml4j.opc.PackageRelationshipCollection - Parsing relationship: /_rels/.rels
12:11:01.428 [main] DEBUG org.apache.poi.openxml4j.opc.PackageRelationshipCollection - Parsing relationship: /xl/_rels/workbook.xml.rels
12:11:01.430 [main] DEBUG org.apache.poi.openxml4j.opc.PackageRelationshipCollection - Parsing relationship: /_rels/.rels
12:11:01.454 [main] DEBUG org.apache.poi.openxml4j.opc.PackageRelationshipCollection - Parsing relationship: /xl/_rels/workbook.xml.rels
12:11:01.455 [main] DEBUG org.apache.poi.openxml4j.opc.PackageRelationshipCollection - Parsing relationship: /_rels/.rels
12:11:01.482 [main] DEBUG org.apache.poi.openxml4j.opc.PackageRelationshipCollection - Parsing relationship: /xl/_rels/workbook.xml.rels
12:11:01.483 [main] DEBUG org.apache.poi.openxml4j.opc.PackageRelationshipCollection - Parsing relationship: /_rels/.rels
12:11:01.512 [main] DEBUG org.apache.poi.openxml4j.opc.PackageRelationshipCollection - Parsing relationship: /xl/_rels/workbook.xml.rels
12:11:01.513 [main] DEBUG org.apache.poi.openxml4j.opc.PackageRelationshipCollection - Parsing relationship: /_rels/.rels
12:11:01.548 [main] DEBUG org.apache.poi.openxml4j.opc.PackageRelationshipCollection - Parsing relationship: /xl/_rels/workbook.xml.rels
12:11:01.550 [main] DEBUG org.apache.poi.openxml4j.opc.PackageRelationshipCollection - Parsing relationship: /_rels/.rels
12:11:01.579 [main] DEBUG org.apache.poi.openxml4j.opc.PackageRelationshipCollection - Parsing relationship: /xl/_rels/workbook.xml.rels
12:11:01.580 [main] DEBUG org.apache.poi.openxml4j.opc.PackageRelationshipCollection - Parsing relationship: /_rels/.rels
12:11:01.606 [main] DEBUG org.apache.poi.openxml4j.opc.PackageRelationshipCollection - Parsing relationship: /xl/_rels/workbook.xml.rels
12:11:01.607 [main] DEBUG org.apache.poi.openxml4j.opc.PackageRelationshipCollection - Parsing relationship: /_rels/.rels
12:11:01.635 [main] DEBUG org.apache.poi.openxml4j.opc.PackageRelationshipCollection - Parsing relationship: /xl/_rels/workbook.xml.rels
12:11:01.636 [main] DEBUG org.apache.poi.openxml4j.opc.PackageRelationshipCollection - Parsing relationship: /_rels/.rels
12:11:01.659 [main] DEBUG org.apache.poi.openxml4j.opc.PackageRelationshipCollection - Parsing relationship: /xl/_rels/workbook.xml.rels
12:11:01.661 [main] DEBUG org.apache.poi.openxml4j.opc.PackageRelationshipCollection - Parsing relationship: /_rels/.rels
12:11:01.682 [main] DEBUG org.apache.poi.openxml4j.opc.PackageRelationshipCollection - Parsing relationship: /xl/_rels/workbook.xml.rels
12:11:01.683 [main] DEBUG org.apache.poi.openxml4j.opc.PackageRelationshipCollection - Parsing relationship: /_rels/.rels
12:11:01.704 [main] INFO  testCases.TC_ContactUs -  Starting Tc_contactus 
12:11:01.973 [main] INFO  testCases.TC_ContactUs - Home Page Displayed 
12:11:02.363 [main] INFO  testCases.TC_ContactUs - Clicked on ContactUs
12:11:02.527 [main] INFO  testCases.TC_ContactUs - Provided Name 
12:11:02.687 [main] INFO  testCases.TC_ContactUs - Provided Email 
12:11:02.848 [main] INFO  testCases.TC_ContactUs - Enter quert text
12:11:03.414 [main] ERROR testCases.TC_ContactUs - Query sent sucessfully to admin !!
12:11:03.414 [main] INFO  testCases.TC_ContactUs -  TC_ContactUs Finished  
12:11:03.415 [main] INFO  testCases.TC_ContactUs -  Starting Tc_contactus 
12:11:03.654 [main] INFO  testCases.TC_ContactUs - Home Page Displayed 
12:11:04.016 [main] INFO  testCases.TC_ContactUs - Clicked on ContactUs
12:11:04.146 [main] INFO  testCases.TC_ContactUs - Provided Name 
12:11:04.282 [main] INFO  testCases.TC_ContactUs - Provided Email 
12:11:04.448 [main] INFO  testCases.TC_ContactUs - Enter quert text
12:11:05.014 [main] ERROR testCases.TC_ContactUs - Query sent sucessfully to admin !!
12:11:05.014 [main] INFO  testCases.TC_ContactUs -  TC_ContactUs Finished  
12:11:05.016 [main] INFO  testCases.TC_ContactUs -  Starting Tc_contactus 
12:11:05.241 [main] INFO  testCases.TC_ContactUs - Home Page Displayed 
12:11:05.606 [main] INFO  testCases.TC_ContactUs - Clicked on ContactUs
12:11:05.758 [main] INFO  testCases.TC_ContactUs - Provided Name 
12:11:05.964 [main] INFO  testCases.TC_ContactUs - Provided Email 
12:11:06.150 [main] INFO  testCases.TC_ContactUs - Enter quert text
12:11:06.667 [main] ERROR testCases.TC_ContactUs - Query sent sucessfully to admin !!
12:11:06.667 [main] INFO  testCases.TC_ContactUs -  TC_ContactUs Finished  
12:11:06.669 [main] INFO  testCases.TC_ContactUs -  Starting Tc_contactus 
12:11:06.917 [main] INFO  testCases.TC_ContactUs - Home Page Displayed 
12:11:07.280 [main] INFO  testCases.TC_ContactUs - Clicked on ContactUs
12:11:07.399 [main] INFO  testCases.TC_ContactUs - Provided Name 
12:11:07.558 [main] INFO  testCases.TC_ContactUs - Provided Email 
12:11:07.720 [main] INFO  testCases.TC_ContactUs - Enter quert text
12:11:08.207 [main] ERROR testCases.TC_ContactUs - Query sent sucessfully to admin !!
12:11:08.207 [main] INFO  testCases.TC_ContactUs -  TC_ContactUs Finished  
